<?xml version="1.0" encoding="UTF-8"?>
<testsuite name="microservice.workshop.movieawardservice.MovieAwardServiceApplicationTests" tests="1" skipped="0" failures="0" errors="0" timestamp="2019-12-17T16:39:24" hostname="bear.hedberg.int" time="0.05">
  <properties/>
  <testcase name="contextLoads()" classname="microservice.workshop.movieawardservice.MovieAwardServiceApplicationTests" time="0.05"/>
  <system-out><![CDATA[11:39:18.804 [Test worker] DEBUG org.springframework.test.context.BootstrapUtils - Instantiating CacheAwareContextLoaderDelegate from class [org.springframework.test.context.cache.DefaultCacheAwareContextLoaderDelegate]
11:39:18.816 [Test worker] DEBUG org.springframework.test.context.BootstrapUtils - Instantiating BootstrapContext using constructor [public org.springframework.test.context.support.DefaultBootstrapContext(java.lang.Class,org.springframework.test.context.CacheAwareContextLoaderDelegate)]
11:39:18.840 [Test worker] DEBUG org.springframework.test.context.BootstrapUtils - Instantiating TestContextBootstrapper for test class [microservice.workshop.movieawardservice.MovieAwardServiceApplicationTests] from class [org.springframework.boot.test.context.SpringBootTestContextBootstrapper]
11:39:18.852 [Test worker] INFO org.springframework.boot.test.context.SpringBootTestContextBootstrapper - Neither @ContextConfiguration nor @ContextHierarchy found for test class [microservice.workshop.movieawardservice.MovieAwardServiceApplicationTests], using SpringBootContextLoader
11:39:18.855 [Test worker] DEBUG org.springframework.test.context.support.AbstractContextLoader - Did not detect default resource location for test class [microservice.workshop.movieawardservice.MovieAwardServiceApplicationTests]: class path resource [microservice/workshop/movieawardservice/MovieAwardServiceApplicationTests-context.xml] does not exist
11:39:18.855 [Test worker] DEBUG org.springframework.test.context.support.AbstractContextLoader - Did not detect default resource location for test class [microservice.workshop.movieawardservice.MovieAwardServiceApplicationTests]: class path resource [microservice/workshop/movieawardservice/MovieAwardServiceApplicationTestsContext.groovy] does not exist
11:39:18.855 [Test worker] INFO org.springframework.test.context.support.AbstractContextLoader - Could not detect default resource locations for test class [microservice.workshop.movieawardservice.MovieAwardServiceApplicationTests]: no resource found for suffixes {-context.xml, Context.groovy}.
11:39:18.856 [Test worker] INFO org.springframework.test.context.support.AnnotationConfigContextLoaderUtils - Could not detect default configuration classes for test class [microservice.workshop.movieawardservice.MovieAwardServiceApplicationTests]: MovieAwardServiceApplicationTests does not declare any static, non-private, non-final, nested classes annotated with @Configuration.
11:39:18.882 [Test worker] DEBUG org.springframework.test.context.support.ActiveProfilesUtils - Could not find an 'annotation declaring class' for annotation type [org.springframework.test.context.ActiveProfiles] and class [microservice.workshop.movieawardservice.MovieAwardServiceApplicationTests]
11:39:18.934 [Test worker] DEBUG org.springframework.context.annotation.ClassPathScanningCandidateComponentProvider - Identified candidate component class: file [/Users/h2user/microservices/microservice-workshop-kotlin/exercises/movie-award-service/build/classes/kotlin/main/microservice/workshop/movieawardservice/MovieAwardServiceApplication.class]
11:39:18.940 [Test worker] INFO org.springframework.boot.test.context.SpringBootTestContextBootstrapper - Found @SpringBootConfiguration microservice.workshop.movieawardservice.MovieAwardServiceApplication for test class microservice.workshop.movieawardservice.MovieAwardServiceApplicationTests
11:39:19.027 [Test worker] DEBUG org.springframework.boot.test.context.SpringBootTestContextBootstrapper - @TestExecutionListeners is not present for class [microservice.workshop.movieawardservice.MovieAwardServiceApplicationTests]: using defaults.
11:39:19.027 [Test worker] INFO org.springframework.boot.test.context.SpringBootTestContextBootstrapper - Loaded default TestExecutionListener class names from location [META-INF/spring.factories]: [org.springframework.security.test.context.support.WithSecurityContextTestExecutionListener, org.springframework.security.test.context.support.ReactorContextTestExecutionListener, org.springframework.boot.test.autoconfigure.restdocs.RestDocsTestExecutionListener, org.springframework.boot.test.autoconfigure.web.client.MockRestServiceServerResetTestExecutionListener, org.springframework.boot.test.autoconfigure.web.servlet.MockMvcPrintOnlyOnFailureTestExecutionListener, org.springframework.boot.test.autoconfigure.web.servlet.WebDriverTestExecutionListener, org.springframework.boot.test.mock.mockito.MockitoTestExecutionListener, org.springframework.boot.test.mock.mockito.ResetMocksTestExecutionListener, org.springframework.test.context.web.ServletTestExecutionListener, org.springframework.test.context.support.DirtiesContextBeforeModesTestExecutionListener, org.springframework.test.context.support.DependencyInjectionTestExecutionListener, org.springframework.test.context.support.DirtiesContextTestExecutionListener, org.springframework.test.context.transaction.TransactionalTestExecutionListener, org.springframework.test.context.jdbc.SqlScriptsTestExecutionListener, org.springframework.test.context.event.EventPublishingTestExecutionListener]
11:39:19.041 [Test worker] INFO org.springframework.boot.test.context.SpringBootTestContextBootstrapper - Using TestExecutionListeners: [org.springframework.test.context.web.ServletTestExecutionListener@1a3da8ff, org.springframework.test.context.support.DirtiesContextBeforeModesTestExecutionListener@767a1233, org.springframework.boot.test.mock.mockito.MockitoTestExecutionListener@570fd9f3, org.springframework.boot.test.autoconfigure.SpringBootDependencyInjectionTestExecutionListener@53bba6ca, org.springframework.test.context.support.DirtiesContextTestExecutionListener@24368612, org.springframework.test.context.transaction.TransactionalTestExecutionListener@2fbf32d, org.springframework.test.context.jdbc.SqlScriptsTestExecutionListener@2b1262c0, org.springframework.security.test.context.support.WithSecurityContextTestExecutionListener@25110c9e, org.springframework.test.context.event.EventPublishingTestExecutionListener@35071838, org.springframework.security.test.context.support.ReactorContextTestExecutionListener@6838e72e, org.springframework.boot.test.autoconfigure.restdocs.RestDocsTestExecutionListener@50048c8b, org.springframework.boot.test.autoconfigure.web.client.MockRestServiceServerResetTestExecutionListener@7ddc0fe9, org.springframework.boot.test.autoconfigure.web.servlet.MockMvcPrintOnlyOnFailureTestExecutionListener@70170eb2, org.springframework.boot.test.autoconfigure.web.servlet.WebDriverTestExecutionListener@5fb98609, org.springframework.boot.test.mock.mockito.ResetMocksTestExecutionListener@2bad39a1]
11:39:19.044 [Test worker] DEBUG org.springframework.test.context.support.AbstractDirtiesContextTestExecutionListener - Before test class: context [DefaultTestContext@106351d4 testClass = MovieAwardServiceApplicationTests, testInstance = [null], testMethod = [null], testException = [null], mergedContextConfiguration = [WebMergedContextConfiguration@27783b1d testClass = MovieAwardServiceApplicationTests, locations = '{}', classes = '{class microservice.workshop.movieawardservice.MovieAwardServiceApplication}', contextInitializerClasses = '[]', activeProfiles = '{}', propertySourceLocations = '{}', propertySourceProperties = '{org.springframework.boot.test.context.SpringBootTestContextBootstrapper=true}', contextCustomizers = set[org.springframework.boot.test.autoconfigure.properties.PropertyMappingContextCustomizer@0, org.springframework.boot.test.autoconfigure.web.servlet.WebDriverContextCustomizerFactory$Customizer@4bd64b85, org.springframework.boot.test.context.filter.ExcludeFilterContextCustomizer@97d7c8f, org.springframework.boot.test.json.DuplicateJsonObjectContextCustomizerFactory$DuplicateJsonObjectContextCustomizer@52672850, org.springframework.boot.test.mock.mockito.MockitoContextCustomizer@0, org.springframework.boot.test.web.client.TestRestTemplateContextCustomizer@3d4de7a], resourceBasePath = 'src/main/webapp', contextLoader = 'org.springframework.boot.test.context.SpringBootContextLoader', parent = [null]], attributes = map['org.springframework.test.context.web.ServletTestExecutionListener.activateListener' -> true]], class annotated with @DirtiesContext [false] with mode [null].
11:39:19.073 [Test worker] DEBUG org.springframework.test.context.support.TestPropertySourceUtils - Adding inlined properties to environment: {spring.jmx.enabled=false, org.springframework.boot.test.context.SpringBootTestContextBootstrapper=true, server.port=-1}
2019-12-17 11:39:19.577  INFO 7136 --- [    Test worker] trationDelegate$BeanPostProcessorChecker : Bean 'org.springframework.cloud.autoconfigure.ConfigurationPropertiesRebinderAutoConfiguration' of type [org.springframework.cloud.autoconfigure.ConfigurationPropertiesRebinderAutoConfiguration$$EnhancerBySpringCGLIB$$1718d84c] is not eligible for getting processed by all BeanPostProcessors (for example: not eligible for auto-proxying)

  .   ____          _            __ _ _
 /\\ / ___'_ __ _ _(_)_ __  __ _ \ \ \ \
( ( )\___ | '_ | '_| | '_ \/ _` | \ \ \ \
 \\/  ___)| |_)| | | | | || (_| |  ) ) ) )
  '  |____| .__|_| |_|_| |_\__, | / / / /
 =========|_|==============|___/=/_/_/_/
 :: Spring Boot ::        (v2.2.0.RELEASE)

2019-12-17 11:39:19.717  INFO 7136 --- [    Test worker] m.w.m.MovieAwardServiceApplicationTests  : The following profiles are active: dev
2019-12-17 11:39:20.370  INFO 7136 --- [    Test worker] .s.d.r.c.RepositoryConfigurationDelegate : Bootstrapping Spring Data repositories in DEFAULT mode.
2019-12-17 11:39:20.502  INFO 7136 --- [    Test worker] .s.d.r.c.RepositoryConfigurationDelegate : Finished Spring Data repository scanning in 126ms. Found 1 repository interfaces.
2019-12-17 11:39:20.660  INFO 7136 --- [    Test worker] o.s.cloud.context.scope.GenericScope     : BeanFactory id=223b2aac-6cea-3d8c-be8b-d2ac896a72a0
2019-12-17 11:39:20.849  INFO 7136 --- [    Test worker] trationDelegate$BeanPostProcessorChecker : Bean 'org.springframework.transaction.annotation.ProxyTransactionManagementConfiguration' of type [org.springframework.transaction.annotation.ProxyTransactionManagementConfiguration] is not eligible for getting processed by all BeanPostProcessors (for example: not eligible for auto-proxying)
2019-12-17 11:39:20.914  INFO 7136 --- [    Test worker] trationDelegate$BeanPostProcessorChecker : Bean 'org.springframework.cloud.autoconfigure.ConfigurationPropertiesRebinderAutoConfiguration' of type [org.springframework.cloud.autoconfigure.ConfigurationPropertiesRebinderAutoConfiguration$$EnhancerBySpringCGLIB$$1718d84c] is not eligible for getting processed by all BeanPostProcessors (for example: not eligible for auto-proxying)
2019-12-17 11:39:21.065  INFO 7136 --- [    Test worker] com.zaxxer.hikari.HikariDataSource       : HikariPool-1 - Starting...
2019-12-17 11:39:21.183  INFO 7136 --- [    Test worker] com.zaxxer.hikari.HikariDataSource       : HikariPool-1 - Start completed.
2019-12-17 11:39:21.242  INFO 7136 --- [    Test worker] o.hibernate.jpa.internal.util.LogHelper  : HHH000204: Processing PersistenceUnitInfo [name: default]
2019-12-17 11:39:21.299  INFO 7136 --- [    Test worker] org.hibernate.Version                    : HHH000412: Hibernate Core {5.4.6.Final}
2019-12-17 11:39:21.408  INFO 7136 --- [    Test worker] o.hibernate.annotations.common.Version   : HCANN000001: Hibernate Commons Annotations {5.1.0.Final}
2019-12-17 11:39:21.490  INFO 7136 --- [    Test worker] org.hibernate.dialect.Dialect            : HHH000400: Using dialect: org.hibernate.dialect.H2Dialect
2019-12-17 11:39:21.874  INFO 7136 --- [    Test worker] o.h.t.schema.internal.SchemaCreatorImpl  : HHH000476: Executing import script 'file:/Users/h2user/microservices/microservice-workshop-kotlin/exercises/movie-award-service/build/resources/main/import.sql'
2019-12-17 11:39:21.889  INFO 7136 --- [    Test worker] o.h.e.t.j.p.i.JtaPlatformInitiator       : HHH000490: Using JtaPlatform implementation: [org.hibernate.engine.transaction.jta.platform.internal.NoJtaPlatform]
2019-12-17 11:39:21.894  INFO 7136 --- [    Test worker] j.LocalContainerEntityManagerFactoryBean : Initialized JPA EntityManagerFactory for persistence unit 'default'
2019-12-17 11:39:21.947  WARN 7136 --- [    Test worker] JpaBaseConfiguration$JpaWebConfiguration : spring.jpa.open-in-view is enabled by default. Therefore, database queries may be performed during view rendering. Explicitly configure spring.jpa.open-in-view to disable this warning
2019-12-17 11:39:22.047  WARN 7136 --- [    Test worker] c.n.c.sources.URLConfigurationSource     : No URLs will be polled as dynamic configuration sources.
2019-12-17 11:39:22.047  INFO 7136 --- [    Test worker] c.n.c.sources.URLConfigurationSource     : To enable URLs as dynamic configuration sources, define System property archaius.configurationSource.additionalUrls or make config.properties available on classpath.
2019-12-17 11:39:22.057  INFO 7136 --- [    Test worker] c.netflix.config.DynamicPropertyFactory  : DynamicPropertyFactory is initialized with configuration sources: com.netflix.config.ConcurrentCompositeConfiguration@55f9e496
2019-12-17 11:39:22.919  INFO 7136 --- [    Test worker] o.s.b.a.e.web.EndpointLinksResolver      : Exposing 2 endpoint(s) beneath base path '/actuator'
2019-12-17 11:39:23.050  INFO 7136 --- [    Test worker] pertySourcedRequestMappingHandlerMapping : Mapped URL path [/v2/api-docs] onto method [springfox.documentation.swagger2.web.Swagger2Controller#getDocumentation(String, HttpServletRequest)]
2019-12-17 11:39:23.167  WARN 7136 --- [    Test worker] c.n.c.sources.URLConfigurationSource     : No URLs will be polled as dynamic configuration sources.
2019-12-17 11:39:23.167  INFO 7136 --- [    Test worker] c.n.c.sources.URLConfigurationSource     : To enable URLs as dynamic configuration sources, define System property archaius.configurationSource.additionalUrls or make config.properties available on classpath.
2019-12-17 11:39:23.317  INFO 7136 --- [    Test worker] o.s.s.concurrent.ThreadPoolTaskExecutor  : Initializing ExecutorService 'applicationTaskExecutor'
2019-12-17 11:39:23.620  INFO 7136 --- [    Test worker] .s.s.UserDetailsServiceAutoConfiguration : 

Using generated security password: 7b1157a1-18aa-4b43-a70e-c0e352b69d81

2019-12-17 11:39:23.729  INFO 7136 --- [    Test worker] o.s.s.web.DefaultSecurityFilterChain     : Creating filter chain: any request, [org.springframework.security.web.context.request.async.WebAsyncManagerIntegrationFilter@55cb8838, org.springframework.security.web.context.SecurityContextPersistenceFilter@59b09155, org.springframework.security.web.header.HeaderWriterFilter@688162c8, org.springframework.security.web.authentication.logout.LogoutFilter@49f7c3ab, org.springframework.security.web.savedrequest.RequestCacheAwareFilter@69a31142, org.springframework.security.web.servletapi.SecurityContextHolderAwareRequestFilter@2f806a75, org.springframework.security.web.authentication.AnonymousAuthenticationFilter@6dba3aed, org.springframework.security.web.session.SessionManagementFilter@6721ee47, org.springframework.security.web.access.ExceptionTranslationFilter@4795de7f, org.springframework.security.web.access.intercept.FilterSecurityInterceptor@7883f6f9]
2019-12-17 11:39:23.868  WARN 7136 --- [    Test worker] ockingLoadBalancerClientRibbonWarnLogger : You already have RibbonLoadBalancerClient on your classpath. It will be used by default. As Spring Cloud Ribbon is in maintenance mode. We recommend switching to BlockingLoadBalancerClient instead. In order to use it, set the value of `spring.cloud.loadbalancer.ribbon.enabled` to `false` or remove spring-cloud-starter-netflix-ribbon from your project.
2019-12-17 11:39:23.958  INFO 7136 --- [    Test worker] d.s.w.p.DocumentationPluginsBootstrapper : Context refreshed
2019-12-17 11:39:23.973  INFO 7136 --- [    Test worker] d.s.w.p.DocumentationPluginsBootstrapper : Found 1 custom documentation plugin(s)
2019-12-17 11:39:24.004  INFO 7136 --- [    Test worker] s.d.s.w.s.ApiListingReferenceScanner     : Scanning for api listing references
2019-12-17 11:39:24.111  INFO 7136 --- [    Test worker] m.w.m.MovieAwardServiceApplicationTests  : Started MovieAwardServiceApplicationTests in 5.032 seconds (JVM running for 5.881)
]]></system-out>
  <system-err><![CDATA[]]></system-err>
</testsuite>
