<?xml version="1.0" encoding="UTF-8"?>
<testsuite name="microserviceworkshop.movieservice.MovieServiceApplicationTests" tests="1" skipped="0" failures="0" errors="0" timestamp="2020-01-02T20:23:15" hostname="bear.hedberg.int" time="0.004">
  <properties/>
  <testcase name="contextLoads()" classname="microserviceworkshop.movieservice.MovieServiceApplicationTests" time="0.004"/>
  <system-out><![CDATA[2020-01-02 15:23:15.296  INFO 23044 --- [    Test worker] .b.t.c.SpringBootTestContextBootstrapper : Neither @ContextConfiguration nor @ContextHierarchy found for test class [microserviceworkshop.movieservice.MovieServiceApplicationTests], using SpringBootContextLoader
2020-01-02 15:23:15.296  INFO 23044 --- [    Test worker] o.s.t.c.support.AbstractContextLoader    : Could not detect default resource locations for test class [microserviceworkshop.movieservice.MovieServiceApplicationTests]: no resource found for suffixes {-context.xml, Context.groovy}.
2020-01-02 15:23:15.296  INFO 23044 --- [    Test worker] t.c.s.AnnotationConfigContextLoaderUtils : Could not detect default configuration classes for test class [microserviceworkshop.movieservice.MovieServiceApplicationTests]: MovieServiceApplicationTests does not declare any static, non-private, non-final, nested classes annotated with @Configuration.
2020-01-02 15:23:15.299  INFO 23044 --- [    Test worker] .b.t.c.SpringBootTestContextBootstrapper : Found @SpringBootConfiguration microserviceworkshop.movieservice.MovieServiceApplication for test class microserviceworkshop.movieservice.MovieServiceApplicationTests
2020-01-02 15:23:15.301  INFO 23044 --- [    Test worker] .b.t.c.SpringBootTestContextBootstrapper : Loaded default TestExecutionListener class names from location [META-INF/spring.factories]: [org.springframework.security.test.context.support.WithSecurityContextTestExecutionListener, org.springframework.security.test.context.support.ReactorContextTestExecutionListener, org.springframework.boot.test.autoconfigure.restdocs.RestDocsTestExecutionListener, org.springframework.boot.test.autoconfigure.web.client.MockRestServiceServerResetTestExecutionListener, org.springframework.boot.test.autoconfigure.web.servlet.MockMvcPrintOnlyOnFailureTestExecutionListener, org.springframework.boot.test.autoconfigure.web.servlet.WebDriverTestExecutionListener, org.springframework.boot.test.mock.mockito.MockitoTestExecutionListener, org.springframework.boot.test.mock.mockito.ResetMocksTestExecutionListener, org.springframework.test.context.web.ServletTestExecutionListener, org.springframework.test.context.support.DirtiesContextBeforeModesTestExecutionListener, org.springframework.test.context.support.DependencyInjectionTestExecutionListener, org.springframework.test.context.support.DirtiesContextTestExecutionListener, org.springframework.test.context.transaction.TransactionalTestExecutionListener, org.springframework.test.context.jdbc.SqlScriptsTestExecutionListener, org.springframework.test.context.event.EventPublishingTestExecutionListener]
2020-01-02 15:23:15.301  INFO 23044 --- [    Test worker] .b.t.c.SpringBootTestContextBootstrapper : Using TestExecutionListeners: [org.springframework.test.context.web.ServletTestExecutionListener@502b8e47, org.springframework.test.context.support.DirtiesContextBeforeModesTestExecutionListener@6340b4ca, org.springframework.boot.test.mock.mockito.MockitoTestExecutionListener@2b109373, org.springframework.boot.test.autoconfigure.SpringBootDependencyInjectionTestExecutionListener@5654f298, org.springframework.test.context.support.DirtiesContextTestExecutionListener@5a8117a3, org.springframework.test.context.transaction.TransactionalTestExecutionListener@3c010edd, org.springframework.test.context.jdbc.SqlScriptsTestExecutionListener@13259925, org.springframework.security.test.context.support.WithSecurityContextTestExecutionListener@621469eb, org.springframework.test.context.event.EventPublishingTestExecutionListener@30fa4605, org.springframework.security.test.context.support.ReactorContextTestExecutionListener@439d121, org.springframework.boot.test.autoconfigure.restdocs.RestDocsTestExecutionListener@3bea9c32, org.springframework.boot.test.autoconfigure.web.client.MockRestServiceServerResetTestExecutionListener@7af0e195, org.springframework.boot.test.autoconfigure.web.servlet.MockMvcPrintOnlyOnFailureTestExecutionListener@18d85aa0, org.springframework.boot.test.autoconfigure.web.servlet.WebDriverTestExecutionListener@52223043, org.springframework.boot.test.mock.mockito.ResetMocksTestExecutionListener@3dc63d39]
]]></system-out>
  <system-err><![CDATA[]]></system-err>
</testsuite>
