<?xml version="1.0" encoding="UTF-8"?>
<testsuite name="microservice.workshop.movieaggregatorservice.MovieAggregatorServiceApplicationTests" tests="1" skipped="0" failures="0" errors="0" timestamp="2019-12-17T16:40:44" hostname="bear.hedberg.int" time="0.222">
  <properties/>
  <testcase name="contextLoads()" classname="microservice.workshop.movieaggregatorservice.MovieAggregatorServiceApplicationTests" time="0.222"/>
  <system-out><![CDATA[11:40:41.277 [Test worker] DEBUG org.springframework.test.context.BootstrapUtils - Instantiating CacheAwareContextLoaderDelegate from class [org.springframework.test.context.cache.DefaultCacheAwareContextLoaderDelegate]
11:40:41.289 [Test worker] DEBUG org.springframework.test.context.BootstrapUtils - Instantiating BootstrapContext using constructor [public org.springframework.test.context.support.DefaultBootstrapContext(java.lang.Class,org.springframework.test.context.CacheAwareContextLoaderDelegate)]
11:40:41.309 [Test worker] DEBUG org.springframework.test.context.BootstrapUtils - Instantiating TestContextBootstrapper for test class [microservice.workshop.movieaggregatorservice.MovieAggregatorServiceApplicationTests] from class [org.springframework.boot.test.context.SpringBootTestContextBootstrapper]
11:40:41.321 [Test worker] INFO org.springframework.boot.test.context.SpringBootTestContextBootstrapper - Neither @ContextConfiguration nor @ContextHierarchy found for test class [microservice.workshop.movieaggregatorservice.MovieAggregatorServiceApplicationTests], using SpringBootContextLoader
11:40:41.324 [Test worker] DEBUG org.springframework.test.context.support.AbstractContextLoader - Did not detect default resource location for test class [microservice.workshop.movieaggregatorservice.MovieAggregatorServiceApplicationTests]: class path resource [microservice/workshop/movieaggregatorservice/MovieAggregatorServiceApplicationTests-context.xml] does not exist
11:40:41.324 [Test worker] DEBUG org.springframework.test.context.support.AbstractContextLoader - Did not detect default resource location for test class [microservice.workshop.movieaggregatorservice.MovieAggregatorServiceApplicationTests]: class path resource [microservice/workshop/movieaggregatorservice/MovieAggregatorServiceApplicationTestsContext.groovy] does not exist
11:40:41.325 [Test worker] INFO org.springframework.test.context.support.AbstractContextLoader - Could not detect default resource locations for test class [microservice.workshop.movieaggregatorservice.MovieAggregatorServiceApplicationTests]: no resource found for suffixes {-context.xml, Context.groovy}.
11:40:41.325 [Test worker] INFO org.springframework.test.context.support.AnnotationConfigContextLoaderUtils - Could not detect default configuration classes for test class [microservice.workshop.movieaggregatorservice.MovieAggregatorServiceApplicationTests]: MovieAggregatorServiceApplicationTests does not declare any static, non-private, non-final, nested classes annotated with @Configuration.
11:40:41.351 [Test worker] DEBUG org.springframework.test.context.support.ActiveProfilesUtils - Could not find an 'annotation declaring class' for annotation type [org.springframework.test.context.ActiveProfiles] and class [microservice.workshop.movieaggregatorservice.MovieAggregatorServiceApplicationTests]
11:40:41.400 [Test worker] DEBUG org.springframework.context.annotation.ClassPathScanningCandidateComponentProvider - Identified candidate component class: file [/Users/h2user/microservices/microservice-workshop-kotlin/exercises/movie-aggregator-service/build/classes/kotlin/main/microservice/workshop/movieaggregatorservice/MovieAggregatorServiceApplication.class]
11:40:41.404 [Test worker] INFO org.springframework.boot.test.context.SpringBootTestContextBootstrapper - Found @SpringBootConfiguration microservice.workshop.movieaggregatorservice.MovieAggregatorServiceApplication for test class microservice.workshop.movieaggregatorservice.MovieAggregatorServiceApplicationTests
11:40:41.483 [Test worker] DEBUG org.springframework.boot.test.context.SpringBootTestContextBootstrapper - @TestExecutionListeners is not present for class [microservice.workshop.movieaggregatorservice.MovieAggregatorServiceApplicationTests]: using defaults.
11:40:41.484 [Test worker] INFO org.springframework.boot.test.context.SpringBootTestContextBootstrapper - Loaded default TestExecutionListener class names from location [META-INF/spring.factories]: [org.springframework.security.test.context.support.WithSecurityContextTestExecutionListener, org.springframework.security.test.context.support.ReactorContextTestExecutionListener, org.springframework.boot.test.autoconfigure.restdocs.RestDocsTestExecutionListener, org.springframework.boot.test.autoconfigure.web.client.MockRestServiceServerResetTestExecutionListener, org.springframework.boot.test.autoconfigure.web.servlet.MockMvcPrintOnlyOnFailureTestExecutionListener, org.springframework.boot.test.autoconfigure.web.servlet.WebDriverTestExecutionListener, org.springframework.boot.test.mock.mockito.MockitoTestExecutionListener, org.springframework.boot.test.mock.mockito.ResetMocksTestExecutionListener, org.springframework.test.context.web.ServletTestExecutionListener, org.springframework.test.context.support.DirtiesContextBeforeModesTestExecutionListener, org.springframework.test.context.support.DependencyInjectionTestExecutionListener, org.springframework.test.context.support.DirtiesContextTestExecutionListener, org.springframework.test.context.transaction.TransactionalTestExecutionListener, org.springframework.test.context.jdbc.SqlScriptsTestExecutionListener, org.springframework.test.context.event.EventPublishingTestExecutionListener]
11:40:41.493 [Test worker] DEBUG org.springframework.boot.test.context.SpringBootTestContextBootstrapper - Skipping candidate TestExecutionListener [org.springframework.test.context.transaction.TransactionalTestExecutionListener] due to a missing dependency. Specify custom listener classes or make the default listener classes and their required dependencies available. Offending class: [org/springframework/transaction/interceptor/TransactionAttributeSource]
11:40:41.494 [Test worker] DEBUG org.springframework.boot.test.context.SpringBootTestContextBootstrapper - Skipping candidate TestExecutionListener [org.springframework.test.context.jdbc.SqlScriptsTestExecutionListener] due to a missing dependency. Specify custom listener classes or make the default listener classes and their required dependencies available. Offending class: [org/springframework/transaction/interceptor/TransactionAttribute]
11:40:41.494 [Test worker] INFO org.springframework.boot.test.context.SpringBootTestContextBootstrapper - Using TestExecutionListeners: [org.springframework.test.context.web.ServletTestExecutionListener@40ebdc64, org.springframework.test.context.support.DirtiesContextBeforeModesTestExecutionListener@39221dc4, org.springframework.boot.test.mock.mockito.MockitoTestExecutionListener@b14c023, org.springframework.boot.test.autoconfigure.SpringBootDependencyInjectionTestExecutionListener@33f103de, org.springframework.test.context.support.DirtiesContextTestExecutionListener@2de7f138, org.springframework.security.test.context.support.WithSecurityContextTestExecutionListener@402057d, org.springframework.test.context.event.EventPublishingTestExecutionListener@29bac806, org.springframework.security.test.context.support.ReactorContextTestExecutionListener@12eec11c, org.springframework.boot.test.autoconfigure.restdocs.RestDocsTestExecutionListener@929c48, org.springframework.boot.test.autoconfigure.web.client.MockRestServiceServerResetTestExecutionListener@14af58ca, org.springframework.boot.test.autoconfigure.web.servlet.MockMvcPrintOnlyOnFailureTestExecutionListener@6b2a58a1, org.springframework.boot.test.autoconfigure.web.servlet.WebDriverTestExecutionListener@fa892f9, org.springframework.boot.test.mock.mockito.ResetMocksTestExecutionListener@1b4c3f98]
11:40:41.497 [Test worker] DEBUG org.springframework.test.context.support.AbstractDirtiesContextTestExecutionListener - Before test class: context [DefaultTestContext@f600c73 testClass = MovieAggregatorServiceApplicationTests, testInstance = [null], testMethod = [null], testException = [null], mergedContextConfiguration = [WebMergedContextConfiguration@3c45371c testClass = MovieAggregatorServiceApplicationTests, locations = '{}', classes = '{class microservice.workshop.movieaggregatorservice.MovieAggregatorServiceApplication}', contextInitializerClasses = '[]', activeProfiles = '{}', propertySourceLocations = '{}', propertySourceProperties = '{org.springframework.boot.test.context.SpringBootTestContextBootstrapper=true}', contextCustomizers = set[org.springframework.boot.test.autoconfigure.properties.PropertyMappingContextCustomizer@0, org.springframework.boot.test.autoconfigure.web.servlet.WebDriverContextCustomizerFactory$Customizer@4abde623, org.springframework.boot.test.context.filter.ExcludeFilterContextCustomizer@230fe75d, org.springframework.boot.test.json.DuplicateJsonObjectContextCustomizerFactory$DuplicateJsonObjectContextCustomizer@6eff2fae, org.springframework.boot.test.mock.mockito.MockitoContextCustomizer@0, org.springframework.boot.test.web.client.TestRestTemplateContextCustomizer@3c838611], resourceBasePath = 'src/main/webapp', contextLoader = 'org.springframework.boot.test.context.SpringBootContextLoader', parent = [null]], attributes = map['org.springframework.test.context.web.ServletTestExecutionListener.activateListener' -> true]], class annotated with @DirtiesContext [false] with mode [null].
11:40:41.528 [Test worker] DEBUG org.springframework.test.context.support.TestPropertySourceUtils - Adding inlined properties to environment: {spring.jmx.enabled=false, org.springframework.boot.test.context.SpringBootTestContextBootstrapper=true, server.port=-1}
2019-12-17 11:40:42.029  INFO 7139 --- [    Test worker] trationDelegate$BeanPostProcessorChecker : Bean 'org.springframework.cloud.autoconfigure.ConfigurationPropertiesRebinderAutoConfiguration' of type [org.springframework.cloud.autoconfigure.ConfigurationPropertiesRebinderAutoConfiguration$$EnhancerBySpringCGLIB$$dc1938f9] is not eligible for getting processed by all BeanPostProcessors (for example: not eligible for auto-proxying)

  .   ____          _            __ _ _
 /\\ / ___'_ __ _ _(_)_ __  __ _ \ \ \ \
( ( )\___ | '_ | '_| | '_ \/ _` | \ \ \ \
 \\/  ___)| |_)| | | | | || (_| |  ) ) ) )
  '  |____| .__|_| |_|_| |_\__, | / / / /
 =========|_|==============|___/=/_/_/_/
 :: Spring Boot ::        (v2.2.0.RELEASE)

2019-12-17 11:40:42.168  INFO 7139 --- [    Test worker] m.MovieAggregatorServiceApplicationTests : The following profiles are active: dev
2019-12-17 11:40:42.416  WARN 7139 --- [    Test worker] o.s.boot.actuate.endpoint.EndpointId     : Endpoint ID 'hystrix.stream' contains invalid characters, please migrate to a valid format.
2019-12-17 11:40:42.884  INFO 7139 --- [    Test worker] o.s.cloud.context.scope.GenericScope     : BeanFactory id=da338eb7-2d3c-39e0-b387-9d37a205aa2b
2019-12-17 11:40:43.080  INFO 7139 --- [    Test worker] trationDelegate$BeanPostProcessorChecker : Bean 'org.springframework.cloud.autoconfigure.ConfigurationPropertiesRebinderAutoConfiguration' of type [org.springframework.cloud.autoconfigure.ConfigurationPropertiesRebinderAutoConfiguration$$EnhancerBySpringCGLIB$$dc1938f9] is not eligible for getting processed by all BeanPostProcessors (for example: not eligible for auto-proxying)
2019-12-17 11:40:43.215  WARN 7139 --- [    Test worker] c.n.c.sources.URLConfigurationSource     : No URLs will be polled as dynamic configuration sources.
2019-12-17 11:40:43.216  INFO 7139 --- [    Test worker] c.n.c.sources.URLConfigurationSource     : To enable URLs as dynamic configuration sources, define System property archaius.configurationSource.additionalUrls or make config.properties available on classpath.
2019-12-17 11:40:43.225  INFO 7139 --- [    Test worker] c.netflix.config.DynamicPropertyFactory  : DynamicPropertyFactory is initialized with configuration sources: com.netflix.config.ConcurrentCompositeConfiguration@568967fa
2019-12-17 11:40:43.743  INFO 7139 --- [    Test worker] o.s.b.a.e.web.EndpointLinksResolver      : Exposing 2 endpoint(s) beneath base path '/actuator'
2019-12-17 11:40:43.871  INFO 7139 --- [    Test worker] pertySourcedRequestMappingHandlerMapping : Mapped URL path [/v2/api-docs] onto method [springfox.documentation.swagger2.web.Swagger2Controller#getDocumentation(String, HttpServletRequest)]
2019-12-17 11:40:43.975  WARN 7139 --- [    Test worker] c.n.c.sources.URLConfigurationSource     : No URLs will be polled as dynamic configuration sources.
2019-12-17 11:40:43.975  INFO 7139 --- [    Test worker] c.n.c.sources.URLConfigurationSource     : To enable URLs as dynamic configuration sources, define System property archaius.configurationSource.additionalUrls or make config.properties available on classpath.
2019-12-17 11:40:44.178  INFO 7139 --- [    Test worker] o.s.s.concurrent.ThreadPoolTaskExecutor  : Initializing ExecutorService 'applicationTaskExecutor'
2019-12-17 11:40:44.233  INFO 7139 --- [    Test worker] o.s.b.a.w.s.WelcomePageHandlerMapping    : Adding welcome page: class path resource [static/index.html]
2019-12-17 11:40:44.447  INFO 7139 --- [    Test worker] .s.s.UserDetailsServiceAutoConfiguration : 

Using generated security password: fce9f23f-9bde-484f-b573-e9bc68dfa530

2019-12-17 11:40:44.556  INFO 7139 --- [    Test worker] o.s.s.web.DefaultSecurityFilterChain     : Creating filter chain: any request, [org.springframework.security.web.context.request.async.WebAsyncManagerIntegrationFilter@6691bf2, org.springframework.security.web.context.SecurityContextPersistenceFilter@379fe9cf, org.springframework.security.web.header.HeaderWriterFilter@4ed051a4, org.springframework.security.web.authentication.logout.LogoutFilter@225bd572, org.springframework.security.web.savedrequest.RequestCacheAwareFilter@17a28e64, org.springframework.security.web.servletapi.SecurityContextHolderAwareRequestFilter@1707c137, org.springframework.security.web.authentication.AnonymousAuthenticationFilter@43b2334e, org.springframework.security.web.session.SessionManagementFilter@2da7de51, org.springframework.security.web.access.ExceptionTranslationFilter@3e579856, org.springframework.security.web.access.intercept.FilterSecurityInterceptor@778561a2]
2019-12-17 11:40:44.656  WARN 7139 --- [    Test worker] ockingLoadBalancerClientRibbonWarnLogger : You already have RibbonLoadBalancerClient on your classpath. It will be used by default. As Spring Cloud Ribbon is in maintenance mode. We recommend switching to BlockingLoadBalancerClient instead. In order to use it, set the value of `spring.cloud.loadbalancer.ribbon.enabled` to `false` or remove spring-cloud-starter-netflix-ribbon from your project.
2019-12-17 11:40:44.771  INFO 7139 --- [    Test worker] d.s.w.p.DocumentationPluginsBootstrapper : Context refreshed
2019-12-17 11:40:44.786  INFO 7139 --- [    Test worker] d.s.w.p.DocumentationPluginsBootstrapper : Found 1 custom documentation plugin(s)
2019-12-17 11:40:44.810  INFO 7139 --- [    Test worker] s.d.s.w.s.ApiListingReferenceScanner     : Scanning for api listing references
2019-12-17 11:40:44.925  INFO 7139 --- [    Test worker] m.MovieAggregatorServiceApplicationTests : Started MovieAggregatorServiceApplicationTests in 3.39 seconds (JVM running for 4.213)
]]></system-out>
  <system-err><![CDATA[]]></system-err>
</testsuite>
