<?xml version="1.0" encoding="UTF-8"?>
<testsuite name="microservice.workshop.movieaggregatorservicert.MovieAggregatorServiceRtApplicationTests" tests="1" skipped="0" failures="0" errors="0" timestamp="2019-12-20T13:52:58" hostname="bear.hedberg.int" time="0.199">
  <properties/>
  <testcase name="contextLoads()" classname="microservice.workshop.movieaggregatorservicert.MovieAggregatorServiceRtApplicationTests" time="0.199"/>
  <system-out><![CDATA[08:52:53.377 [Test worker] DEBUG org.springframework.test.context.BootstrapUtils - Instantiating CacheAwareContextLoaderDelegate from class [org.springframework.test.context.cache.DefaultCacheAwareContextLoaderDelegate]
08:52:53.393 [Test worker] DEBUG org.springframework.test.context.BootstrapUtils - Instantiating BootstrapContext using constructor [public org.springframework.test.context.support.DefaultBootstrapContext(java.lang.Class,org.springframework.test.context.CacheAwareContextLoaderDelegate)]
08:52:53.419 [Test worker] DEBUG org.springframework.test.context.BootstrapUtils - Instantiating TestContextBootstrapper for test class [microservice.workshop.movieaggregatorservicert.MovieAggregatorServiceRtApplicationTests] from class [org.springframework.boot.test.context.SpringBootTestContextBootstrapper]
08:52:53.439 [Test worker] INFO org.springframework.boot.test.context.SpringBootTestContextBootstrapper - Neither @ContextConfiguration nor @ContextHierarchy found for test class [microservice.workshop.movieaggregatorservicert.MovieAggregatorServiceRtApplicationTests], using SpringBootContextLoader
08:52:53.442 [Test worker] DEBUG org.springframework.test.context.support.AbstractContextLoader - Did not detect default resource location for test class [microservice.workshop.movieaggregatorservicert.MovieAggregatorServiceRtApplicationTests]: class path resource [microservice/workshop/movieaggregatorservicert/MovieAggregatorServiceRtApplicationTests-context.xml] does not exist
08:52:53.443 [Test worker] DEBUG org.springframework.test.context.support.AbstractContextLoader - Did not detect default resource location for test class [microservice.workshop.movieaggregatorservicert.MovieAggregatorServiceRtApplicationTests]: class path resource [microservice/workshop/movieaggregatorservicert/MovieAggregatorServiceRtApplicationTestsContext.groovy] does not exist
08:52:53.443 [Test worker] INFO org.springframework.test.context.support.AbstractContextLoader - Could not detect default resource locations for test class [microservice.workshop.movieaggregatorservicert.MovieAggregatorServiceRtApplicationTests]: no resource found for suffixes {-context.xml, Context.groovy}.
08:52:53.444 [Test worker] INFO org.springframework.test.context.support.AnnotationConfigContextLoaderUtils - Could not detect default configuration classes for test class [microservice.workshop.movieaggregatorservicert.MovieAggregatorServiceRtApplicationTests]: MovieAggregatorServiceRtApplicationTests does not declare any static, non-private, non-final, nested classes annotated with @Configuration.
08:52:53.475 [Test worker] DEBUG org.springframework.test.context.support.ActiveProfilesUtils - Could not find an 'annotation declaring class' for annotation type [org.springframework.test.context.ActiveProfiles] and class [microservice.workshop.movieaggregatorservicert.MovieAggregatorServiceRtApplicationTests]
08:52:53.531 [Test worker] DEBUG org.springframework.context.annotation.ClassPathScanningCandidateComponentProvider - Identified candidate component class: file [/Users/h2user/microservices/microservice-workshop-kotlin/solution/movie-aggregator-service-rt/build/classes/kotlin/main/microservice/workshop/movieaggregatorservicert/MovieAggregatorServiceRtApplication.class]
08:52:53.534 [Test worker] INFO org.springframework.boot.test.context.SpringBootTestContextBootstrapper - Found @SpringBootConfiguration microservice.workshop.movieaggregatorservicert.MovieAggregatorServiceRtApplication for test class microservice.workshop.movieaggregatorservicert.MovieAggregatorServiceRtApplicationTests
08:52:53.633 [Test worker] DEBUG org.springframework.boot.test.context.SpringBootTestContextBootstrapper - @TestExecutionListeners is not present for class [microservice.workshop.movieaggregatorservicert.MovieAggregatorServiceRtApplicationTests]: using defaults.
08:52:53.633 [Test worker] INFO org.springframework.boot.test.context.SpringBootTestContextBootstrapper - Loaded default TestExecutionListener class names from location [META-INF/spring.factories]: [org.springframework.security.test.context.support.WithSecurityContextTestExecutionListener, org.springframework.security.test.context.support.ReactorContextTestExecutionListener, org.springframework.boot.test.autoconfigure.restdocs.RestDocsTestExecutionListener, org.springframework.boot.test.autoconfigure.web.client.MockRestServiceServerResetTestExecutionListener, org.springframework.boot.test.autoconfigure.web.servlet.MockMvcPrintOnlyOnFailureTestExecutionListener, org.springframework.boot.test.autoconfigure.web.servlet.WebDriverTestExecutionListener, org.springframework.boot.test.mock.mockito.MockitoTestExecutionListener, org.springframework.boot.test.mock.mockito.ResetMocksTestExecutionListener, org.springframework.test.context.web.ServletTestExecutionListener, org.springframework.test.context.support.DirtiesContextBeforeModesTestExecutionListener, org.springframework.test.context.support.DependencyInjectionTestExecutionListener, org.springframework.test.context.support.DirtiesContextTestExecutionListener, org.springframework.test.context.transaction.TransactionalTestExecutionListener, org.springframework.test.context.jdbc.SqlScriptsTestExecutionListener, org.springframework.test.context.event.EventPublishingTestExecutionListener]
08:52:53.644 [Test worker] DEBUG org.springframework.boot.test.context.SpringBootTestContextBootstrapper - Skipping candidate TestExecutionListener [org.springframework.test.context.transaction.TransactionalTestExecutionListener] due to a missing dependency. Specify custom listener classes or make the default listener classes and their required dependencies available. Offending class: [org/springframework/transaction/interceptor/TransactionAttributeSource]
08:52:53.645 [Test worker] DEBUG org.springframework.boot.test.context.SpringBootTestContextBootstrapper - Skipping candidate TestExecutionListener [org.springframework.test.context.jdbc.SqlScriptsTestExecutionListener] due to a missing dependency. Specify custom listener classes or make the default listener classes and their required dependencies available. Offending class: [org/springframework/transaction/interceptor/TransactionAttribute]
08:52:53.645 [Test worker] INFO org.springframework.boot.test.context.SpringBootTestContextBootstrapper - Using TestExecutionListeners: [org.springframework.test.context.web.ServletTestExecutionListener@42b8d77b, org.springframework.test.context.support.DirtiesContextBeforeModesTestExecutionListener@102ba8db, org.springframework.boot.test.mock.mockito.MockitoTestExecutionListener@7e881d47, org.springframework.boot.test.autoconfigure.SpringBootDependencyInjectionTestExecutionListener@5467b907, org.springframework.test.context.support.DirtiesContextTestExecutionListener@50e0afff, org.springframework.security.test.context.support.WithSecurityContextTestExecutionListener@1d40b848, org.springframework.test.context.event.EventPublishingTestExecutionListener@231cec82, org.springframework.security.test.context.support.ReactorContextTestExecutionListener@4a5ad667, org.springframework.boot.test.autoconfigure.restdocs.RestDocsTestExecutionListener@1f901784, org.springframework.boot.test.autoconfigure.web.client.MockRestServiceServerResetTestExecutionListener@78a6ec6, org.springframework.boot.test.autoconfigure.web.servlet.MockMvcPrintOnlyOnFailureTestExecutionListener@43b6fa49, org.springframework.boot.test.autoconfigure.web.servlet.WebDriverTestExecutionListener@5fc3e5b6, org.springframework.boot.test.mock.mockito.ResetMocksTestExecutionListener@4070f5fd]
08:52:53.649 [Test worker] DEBUG org.springframework.test.context.support.AbstractDirtiesContextTestExecutionListener - Before test class: context [DefaultTestContext@60ff9ec9 testClass = MovieAggregatorServiceRtApplicationTests, testInstance = [null], testMethod = [null], testException = [null], mergedContextConfiguration = [WebMergedContextConfiguration@6372c872 testClass = MovieAggregatorServiceRtApplicationTests, locations = '{}', classes = '{class microservice.workshop.movieaggregatorservicert.MovieAggregatorServiceRtApplication}', contextInitializerClasses = '[]', activeProfiles = '{}', propertySourceLocations = '{}', propertySourceProperties = '{org.springframework.boot.test.context.SpringBootTestContextBootstrapper=true}', contextCustomizers = set[org.springframework.boot.test.autoconfigure.properties.PropertyMappingContextCustomizer@0, org.springframework.boot.test.autoconfigure.web.servlet.WebDriverContextCustomizerFactory$Customizer@4c1ca619, org.springframework.boot.test.context.filter.ExcludeFilterContextCustomizer@42500256, org.springframework.boot.test.json.DuplicateJsonObjectContextCustomizerFactory$DuplicateJsonObjectContextCustomizer@4b18fe8b, org.springframework.boot.test.mock.mockito.MockitoContextCustomizer@0, org.springframework.boot.test.web.client.TestRestTemplateContextCustomizer@222b1e1c], resourceBasePath = 'src/main/webapp', contextLoader = 'org.springframework.boot.test.context.SpringBootContextLoader', parent = [null]], attributes = map['org.springframework.test.context.web.ServletTestExecutionListener.activateListener' -> true]], class annotated with @DirtiesContext [false] with mode [null].
08:52:53.677 [Test worker] DEBUG org.springframework.test.context.support.TestPropertySourceUtils - Adding inlined properties to environment: {spring.jmx.enabled=false, org.springframework.boot.test.context.SpringBootTestContextBootstrapper=true, server.port=-1}
2019-12-20 08:52:54.332  INFO 25979 --- [    Test worker] trationDelegate$BeanPostProcessorChecker : Bean 'org.springframework.cloud.autoconfigure.ConfigurationPropertiesRebinderAutoConfiguration' of type [org.springframework.cloud.autoconfigure.ConfigurationPropertiesRebinderAutoConfiguration$$EnhancerBySpringCGLIB$$108bf5ec] is not eligible for getting processed by all BeanPostProcessors (for example: not eligible for auto-proxying)

  .   ____          _            __ _ _
 /\\ / ___'_ __ _ _(_)_ __  __ _ \ \ \ \
( ( )\___ | '_ | '_| | '_ \/ _` | \ \ \ \
 \\/  ___)| |_)| | | | | || (_| |  ) ) ) )
  '  |____| .__|_| |_|_| |_\__, | / / / /
 =========|_|==============|___/=/_/_/_/
 :: Spring Boot ::        (v2.2.0.RELEASE)

2019-12-20 08:52:54.544  INFO 25979 --- [    Test worker] MovieAggregatorServiceRtApplicationTests : The following profiles are active: dev
2019-12-20 08:52:54.862  WARN 25979 --- [    Test worker] o.s.boot.actuate.endpoint.EndpointId     : Endpoint ID 'hystrix.stream' contains invalid characters, please migrate to a valid format.
2019-12-20 08:52:55.385  WARN 25979 --- [    Test worker] o.s.boot.actuate.endpoint.EndpointId     : Endpoint ID 'service-registry' contains invalid characters, please migrate to a valid format.
2019-12-20 08:52:55.509  INFO 25979 --- [    Test worker] o.s.cloud.context.scope.GenericScope     : BeanFactory id=fec9f7b8-3a9e-36e3-a23b-49be5f332091
2019-12-20 08:52:55.913  INFO 25979 --- [    Test worker] trationDelegate$BeanPostProcessorChecker : Bean 'org.springframework.cloud.autoconfigure.ConfigurationPropertiesRebinderAutoConfiguration' of type [org.springframework.cloud.autoconfigure.ConfigurationPropertiesRebinderAutoConfiguration$$EnhancerBySpringCGLIB$$108bf5ec] is not eligible for getting processed by all BeanPostProcessors (for example: not eligible for auto-proxying)
2019-12-20 08:52:56.124  WARN 25979 --- [    Test worker] c.n.c.sources.URLConfigurationSource     : No URLs will be polled as dynamic configuration sources.
2019-12-20 08:52:56.124  INFO 25979 --- [    Test worker] c.n.c.sources.URLConfigurationSource     : To enable URLs as dynamic configuration sources, define System property archaius.configurationSource.additionalUrls or make config.properties available on classpath.
2019-12-20 08:52:56.137  INFO 25979 --- [    Test worker] c.netflix.config.DynamicPropertyFactory  : DynamicPropertyFactory is initialized with configuration sources: com.netflix.config.ConcurrentCompositeConfiguration@76856db0
2019-12-20 08:52:57.351  INFO 25979 --- [    Test worker] o.s.b.a.e.web.EndpointLinksResolver      : Exposing 3 endpoint(s) beneath base path '/actuator'
2019-12-20 08:52:57.512  INFO 25979 --- [    Test worker] pertySourcedRequestMappingHandlerMapping : Mapped URL path [/v2/api-docs] onto method [springfox.documentation.swagger2.web.Swagger2Controller#getDocumentation(String, HttpServletRequest)]
2019-12-20 08:52:57.643  WARN 25979 --- [    Test worker] c.n.c.sources.URLConfigurationSource     : No URLs will be polled as dynamic configuration sources.
2019-12-20 08:52:57.643  INFO 25979 --- [    Test worker] c.n.c.sources.URLConfigurationSource     : To enable URLs as dynamic configuration sources, define System property archaius.configurationSource.additionalUrls or make config.properties available on classpath.
2019-12-20 08:52:57.841  INFO 25979 --- [    Test worker] o.s.s.concurrent.ThreadPoolTaskExecutor  : Initializing ExecutorService 'applicationTaskExecutor'
2019-12-20 08:52:57.902  INFO 25979 --- [    Test worker] o.s.b.a.w.s.WelcomePageHandlerMapping    : Adding welcome page: class path resource [static/index.html]
2019-12-20 08:52:58.216  INFO 25979 --- [    Test worker] .s.s.UserDetailsServiceAutoConfiguration : 

Using generated security password: 008d2eb6-070e-46db-9c31-f5c1f496e38f

2019-12-20 08:52:58.474  INFO 25979 --- [    Test worker] o.s.s.web.DefaultSecurityFilterChain     : Creating filter chain: any request, [org.springframework.security.web.context.request.async.WebAsyncManagerIntegrationFilter@247c9cc1, org.springframework.security.web.context.SecurityContextPersistenceFilter@12b3e62c, org.springframework.security.web.header.HeaderWriterFilter@4083cbe5, org.springframework.security.web.authentication.logout.LogoutFilter@7789dea, org.springframework.security.web.savedrequest.RequestCacheAwareFilter@15dd33cc, org.springframework.security.web.servletapi.SecurityContextHolderAwareRequestFilter@212c0b82, org.springframework.security.web.authentication.AnonymousAuthenticationFilter@3a7fccae, org.springframework.security.web.session.SessionManagementFilter@6bd70e19, org.springframework.security.web.access.ExceptionTranslationFilter@5f5a638, org.springframework.security.web.access.intercept.FilterSecurityInterceptor@1c565e73]
2019-12-20 08:52:58.600  WARN 25979 --- [    Test worker] ockingLoadBalancerClientRibbonWarnLogger : You already have RibbonLoadBalancerClient on your classpath. It will be used by default. As Spring Cloud Ribbon is in maintenance mode. We recommend switching to BlockingLoadBalancerClient instead. In order to use it, set the value of `spring.cloud.loadbalancer.ribbon.enabled` to `false` or remove spring-cloud-starter-netflix-ribbon from your project.
2019-12-20 08:52:58.720  INFO 25979 --- [    Test worker] d.s.w.p.DocumentationPluginsBootstrapper : Context refreshed
2019-12-20 08:52:58.739  INFO 25979 --- [    Test worker] d.s.w.p.DocumentationPluginsBootstrapper : Found 1 custom documentation plugin(s)
2019-12-20 08:52:58.779  INFO 25979 --- [    Test worker] s.d.s.w.s.ApiListingReferenceScanner     : Scanning for api listing references
2019-12-20 08:52:58.919  INFO 25979 --- [    Test worker] MovieAggregatorServiceRtApplicationTests : Started MovieAggregatorServiceRtApplicationTests in 5.219 seconds (JVM running for 6.23)
]]></system-out>
  <system-err><![CDATA[]]></system-err>
</testsuite>
